<?xml version="1.0" encoding="utf-8"?><testsuites name="pytest tests"><testsuite name="pytest" errors="0" failures="0" skipped="0" tests="84" time="124.674" timestamp="2026-07-19T14:23:57.268582+00:00" hostname="agent-env-a7ba1e81-308e-429f-a6bc-1234fca5c186"><testcase classname="tests.backend_test.TestInbox" name="test_inbox_no_auth" time="2.112" /><testcase classname="tests.backend_test.TestTicketCreate" name="test_existing_claims" time="2.352" /><testcase classname="tests.backend_test.TestInbox" name="test_inbox_670100_scope_and_ticket_join" time="5.983" /><testcase classname="tests.backend_test.TestTicketCreate" name="test_existing_grievance" time="5.726" /><testcase classname="tests.backend_test.TestTicketCreate" name="test_existing_policy" time="3.374" /><testcase classname="tests.backend_test.TestInbox" name="test_inbox_admin_sees_all" time="6.433" /><testcase classname="tests.backend_test.TestTicketCreate" name="test_new_customer" time="3.331" /><testcase classname="tests.backend_test.TestInbox" name="test_inbox_scope_isolation" time="0.295" /><testcase classname="tests.backend_test.TestInbox" name="test_mark_read" time="3.588" /><testcase classname="tests.backend_test.TestTicketCreate" name="test_ticket_creates_email_and_sms" time="3.633" /><testcase classname="tests.test_iteration5_smtp_twilio.TestEmailValidationRegex" name="test_missing_email_422" time="1.290" /><testcase classname="tests.backend_test.TestTicketCreate" name="test_auto_classify_urgent" time="8.011" /><testcase classname="tests.test_iteration5_smtp_twilio.TestEmailValidationRegex" name="test_blank_email_400" time="0.096" /><testcase classname="tests.test_iteration5_smtp_twilio.TestEmailValidationRegex" name="test_whitespace_in_local_part_400" time="0.042" /><testcase classname="tests.test_iteration5_smtp_twilio.TestEmailValidationRegex" name="test_email_without_tld_dot_400" time="0.043" /><testcase classname="tests.test_iteration5_smtp_twilio.TestEmailValidationRegex" name="test_minimal_valid_email_200" time="3.204" /><testcase classname="tests.test_otp_email_primary.TestOtpEmailValidation" name="test_blank_email_400" time="3.103" /><testcase classname="tests.test_otp_email_primary.TestOtpEmailValidation" name="test_email_without_at_400" time="0.233" /><testcase classname="tests.test_otp_email_primary.TestOtpEmailValidation" name="test_email_without_tld_400" time="0.058" /><testcase classname="tests.backend_test.TestOfficeLogin" name="test_login_670100" time="0.053" /><testcase classname="tests.backend_test.TestOfficeLogin" name="test_login_940000" time="0.047" /><testcase classname="tests.test_otp_email_primary.TestOtpEmailValidation" name="test_email_with_space_400" time="0.055" /><testcase classname="tests.backend_test.TestOfficeLogin" name="test_login_admin" time="0.085" /><testcase classname="tests.test_otp_email_primary.TestOtpMobile400" name="test_invalid_mobile_returns_400[123]" time="0.084" /><testcase classname="tests.backend_test.TestOfficeLogin" name="test_login_bad" time="0.085" /><testcase classname="tests.test_otp_email_primary.TestOtpMobile400" name="test_invalid_mobile_returns_400[abc123def0]" time="0.054" /><testcase classname="tests.test_otp_email_primary.TestOtpMobile400" name="test_invalid_mobile_returns_400[12345678901]" time="0.050" /><testcase classname="tests.backend_test.TestOTP" name="test_send_and_verify_ok" time="3.119" /><testcase classname="tests.test_otp_email_primary.TestOtpMobile400" name="test_invalid_mobile_returns_400[98765a3210]" time="2.999" /><testcase classname="tests.backend_test.TestPolicy" name="test_valid" time="0.043" /><testcase classname="tests.backend_test.TestPolicy" name="test_wrong_length" time="0.044" /><testcase classname="tests.backend_test.TestPolicy" name="test_unknown_20d" time="0.045" /><testcase classname="tests.backend_test.TestOTP" name="test_verify_wrong" time="3.451" /><testcase classname="tests.backend_test.TestTicketsAuthScope" name="test_no_auth" time="3.354" /><testcase classname="tests.backend_test.TestTicketsAuthScope" name="test_670100_scope" time="0.046" /><testcase classname="tests.backend_test.TestTicketsAuthScope" name="test_admin_sees_all" time="0.047" /><testcase classname="tests.backend_test.TestOTP" name="test_invalid_mobile" time="0.092" /><testcase classname="tests.test_iteration5_smtp_twilio.TestOfficeLoginAndScope" name="test_admin_login_returns_jwt" time="2.283" /><testcase classname="tests.test_iteration5_smtp_twilio.TestSmtpPrimaryDelivery" name="test_email_only_no_sms_block" time="2.233" /><testcase classname="tests.test_iteration5_smtp_twilio.TestSmtpPrimaryDelivery" name="test_delivery_to_vishalmed92_gmail" time="3.182" /><testcase classname="tests.test_iteration5_smtp_twilio.TestOfficeLoginAndScope" name="test_office_670100_login_returns_jwt" time="3.181" /><testcase classname="tests.test_iteration5_smtp_twilio.TestSmtpPrimaryDelivery" name="test_delivery_to_julieanderson123j_gmail" time="2.743" /><testcase classname="tests.test_iteration5_smtp_twilio.TestOfficeLoginAndScope" name="test_tickets_scope_isolation" time="5.242" /><testcase classname="tests.test_otp_email_primary.TestOfficeLoginRegression" name="test_admin_login" time="2.372" /><testcase classname="tests.test_otp_email_primary.TestOfficeLoginRegression" name="test_office_login_670100" time="0.048" /><testcase classname="tests.test_otp_email_primary.TestOfficeLoginRegression" name="test_office_login_bad_password_401" time="0.044" /><testcase classname="tests.backend_test.TestSearchPagination" name="test_search_partial_mobile" time="0.054" /><testcase classname="tests.backend_test.TestEscalation" name="test_auto_escalate_after_aging" time="19.131" /><testcase classname="tests.backend_test.TestSearchPagination" name="test_pagination" time="3.327" /><testcase classname="tests.backend_test.TestAudit" name="test_admin_ok" time="0.053" /><testcase classname="tests.backend_test.TestAudit" name="test_office_forbidden" time="0.144" /><testcase classname="tests.test_iteration5_smtp_twilio.TestOtpVerify" name="test_verify_success" time="3.552" /><testcase classname="tests.test_iteration5_smtp_twilio.TestOtpVerify" name="test_verify_wrong_otp_401" time="3.159" /><testcase classname="tests.test_otp_email_primary.TestOtpSchema422" name="test_missing_email_field_returns_422" time="0.131" /><testcase classname="tests.test_otp_email_primary.TestOtpSchema422" name="test_missing_mobile_field_returns_422" time="0.046" /><testcase classname="tests.test_otp_email_primary.TestOtpEmailOnly" name="test_email_only_response_shape" time="2.294" /><testcase classname="tests.test_otp_email_primary.TestOtpEmailOnly" name="test_email_only_send_sms_false_explicit" time="6.311" /><testcase classname="tests.backend_test.TestEscalation" name="test_manual_escalate_auth" time="18.850" /><testcase classname="tests.test_otp_email_primary.TestOtpNotificationsPersistence" name="test_email_only_persists_email_row_no_sms_row" time="6.790" /><testcase classname="tests.test_otp_email_primary.TestOtpNotificationsPersistence" name="test_send_sms_true_persists_both_rows" time="3.606" /><testcase classname="tests.test_otp_email_primary.TestOtpVerify" name="test_verify_success" time="2.251" /><testcase classname="tests.test_otp_email_primary.TestOtpVerify" name="test_verify_wrong_otp_401" time="6.335" /><testcase classname="tests.test_otp_email_primary.TestTicketCreateRegression" name="test_ticket_create_670100_policy_target_email" time="3.672" /><testcase classname="tests.test_iteration5_smtp_twilio.TestNotificationsPersistence" name="test_email_notif_has_channel_otp_and_provider_id" time="7.869" /><testcase classname="tests.test_otp_email_primary.TestTicketCreateRegression" name="test_ticket_create_claims_uses_claims_email" time="4.136" /><testcase classname="tests.backend_test.TestTranslate" name="test_hindi_translation" time="2.206" /><testcase classname="tests.test_iteration5_smtp_twilio.TestNotificationsPersistence" name="test_send_sms_true_persists_sms_row" time="4.679" /><testcase classname="tests.backend_test.TestResolve" name="test_resolve_and_translate" time="6.761" /><testcase classname="tests.backend_test" name="test_health" time="0.040" /><testcase classname="tests.backend_test.TestCSV" name="test_export" time="0.089" /><testcase classname="tests.test_iteration5_smtp_twilio" name="test_health" time="0.138" /><testcase classname="tests.test_iteration5_smtp_twilio.TestSmsOptIn" name="test_send_sms_true_returns_SM_sid" time="3.924" /><testcase classname="tests.test_iteration5_smtp_twilio.TestTicketCreateRoutingAndDelivery" name="test_670100_ticket_target_email_and_smtp_delivery" time="7.271" /><testcase classname="tests.backend_test.TestAnalytics" name="test_summary" time="3.310" /><testcase classname="tests.backend_test.TestPublicHistory" name="test_no_auth_ok" time="0.056" /><testcase classname="tests.test_iteration5_smtp_twilio.TestAnalyticsShape" name="test_analytics_summary_shape" time="0.227" /><testcase classname="tests.test_iteration5_smtp_twilio.TestCsvExport" name="test_export_csv_content_type" time="0.054" /><testcase classname="tests.test_otp_email_primary" name="test_health_ok" time="0.087" /><testcase classname="tests.test_otp_email_primary.TestOtpDualOptIn" name="test_send_sms_true_populates_both_channels" time="3.450" /><testcase classname="tests.test_otp_email_primary.TestOfficesMappingRegression" name="test_office_mailbox_addresses" time="0.081" /><testcase classname="tests.test_iteration5_smtp_twilio.TestEscalateAuthRegression" name="test_escalate_auth_delivered_true" time="11.231" /><testcase classname="tests.test_otp_email_primary.TestEscalateAuthRegression" name="test_escalate_auth_end_to_end" time="15.252" /><testcase classname="tests.test_iteration5_smtp_twilio.TestInboxScope" name="test_inbox_670100_scoped_to_office_mailbox" time="6.496" /><testcase classname="tests.test_otp_email_primary.TestInboxRegression" name="test_inbox_admin_returns_email_rows" time="2.838" /></testsuite></testsuites>