<?xml version="1.0" encoding="utf-8"?><testsuites name="pytest tests"><testsuite name="pytest" errors="0" failures="1" skipped="0" tests="62" time="21.167" timestamp="2026-07-19T13:27:25.446063+00:00" hostname="agent-env-a7ba1e81-308e-429f-a6bc-1234fca5c186"><testcase classname="tests.backend_test.TestInbox" name="test_inbox_no_auth" time="0.126" /><testcase classname="tests.backend_test.TestTicketCreate" name="test_existing_claims" time="0.485" /><testcase classname="tests.backend_test.TestInbox" name="test_inbox_670100_scope_and_ticket_join" time="0.962" /><testcase classname="tests.backend_test.TestTicketCreate" name="test_existing_grievance" time="0.595" /><testcase classname="tests.backend_test.TestTicketCreate" name="test_existing_policy" time="0.457" /><testcase classname="tests.backend_test.TestInbox" name="test_inbox_admin_sees_all" time="0.777" /><testcase classname="tests.backend_test.TestTicketCreate" name="test_new_customer" time="0.320" /><testcase classname="tests.backend_test.TestTicketCreate" name="test_ticket_creates_email_and_sms" time="0.433" /><testcase classname="tests.backend_test.TestInbox" name="test_inbox_scope_isolation" time="0.424" /><testcase classname="tests.backend_test.TestInbox" name="test_mark_read" time="1.410" /><testcase classname="tests.backend_test.TestTicketCreate" name="test_auto_classify_urgent" time="2.766" /><testcase classname="tests.test_otp_email_primary.TestOtpEmailValidation" name="test_blank_email_400" time="0.098" /><testcase classname="tests.test_otp_email_primary.TestOtpEmailValidation" name="test_email_without_at_400" time="0.048" /><testcase classname="tests.test_otp_email_primary.TestOtpEmailValidation" name="test_email_without_tld_400" time="0.046" /><testcase classname="tests.test_otp_email_primary.TestOtpEmailValidation" name="test_email_with_space_400" time="0.186"><failure message="AssertionError: expected 400 for space-in-email, got 200: {&quot;status&quot;:&quot;sent&quot;,&quot;demo_otp&quot;:&quot;350826&quot;,&quot;email&quot;:{&quot;delivered&quot;:true,&quot;id&quot;:&quot;2505b7cd-b5d7-4df0-9387-0cbdd01598fa&quot;,&quot;error&quot;:null,&quot;attempts&quot;:1},&quot;sms&quot;:null}&#10;assert 200 == 400&#10; +  where 200 = &lt;Response [200]&gt;.status_code">tests/test_otp_email_primary.py:135: in test_email_with_space_400
    assert r.status_code == 400, (
E   AssertionError: expected 400 for space-in-email, got 200: {"status":"sent","demo_otp":"350826","email":{"delivered":true,"id":"2505b7cd-b5d7-4df0-9387-0cbdd01598fa","error":null,"attempts":1},"sms":null}
E   assert 200 == 400
E    +  where 200 = &lt;Response [200]&gt;.status_code</failure></testcase><testcase classname="tests.test_otp_email_primary.TestOtpMobile400" name="test_invalid_mobile_returns_400[123]" time="0.055" /><testcase classname="tests.test_otp_email_primary.TestOtpMobile400" name="test_invalid_mobile_returns_400[abc123def0]" time="0.060" /><testcase classname="tests.test_otp_email_primary.TestOtpMobile400" name="test_invalid_mobile_returns_400[12345678901]" time="0.055" /><testcase classname="tests.test_otp_email_primary.TestOtpMobile400" name="test_invalid_mobile_returns_400[98765a3210]" time="0.045" /><testcase classname="tests.backend_test.TestOTP" name="test_send_and_verify_ok" time="0.263" /><testcase classname="tests.backend_test.TestOTP" name="test_verify_wrong" time="0.478" /><testcase classname="tests.backend_test.TestOfficeLogin" name="test_login_670100" time="0.046" /><testcase classname="tests.backend_test.TestOTP" name="test_invalid_mobile" time="0.143" /><testcase classname="tests.backend_test.TestOfficeLogin" name="test_login_940000" time="0.042" /><testcase classname="tests.backend_test.TestOfficeLogin" name="test_login_admin" time="0.087" /><testcase classname="tests.backend_test.TestPolicy" name="test_valid" time="0.090" /><testcase classname="tests.backend_test.TestOfficeLogin" name="test_login_bad" time="0.040" /><testcase classname="tests.backend_test.TestTicketsAuthScope" name="test_no_auth" time="0.085" /><testcase classname="tests.backend_test.TestPolicy" name="test_wrong_length" time="0.051" /><testcase classname="tests.backend_test.TestPolicy" name="test_unknown_20d" time="0.043" /><testcase classname="tests.test_otp_email_primary.TestOfficeLoginRegression" name="test_admin_login" time="0.452" /><testcase classname="tests.backend_test.TestTicketsAuthScope" name="test_670100_scope" time="0.092" /><testcase classname="tests.backend_test.TestTicketsAuthScope" name="test_admin_sees_all" time="0.050" /><testcase classname="tests.backend_test.TestEscalation" name="test_auto_escalate_after_aging" time="5.532" /><testcase classname="tests.test_otp_email_primary.TestOfficeLoginRegression" name="test_office_login_670100" time="0.047" /><testcase classname="tests.test_otp_email_primary.TestOfficeLoginRegression" name="test_office_login_bad_password_401" time="0.043" /><testcase classname="tests.backend_test.TestAudit" name="test_admin_ok" time="0.050" /><testcase classname="tests.backend_test.TestAudit" name="test_office_forbidden" time="0.064" /><testcase classname="tests.test_otp_email_primary.TestOtpSchema422" name="test_missing_email_field_returns_422" time="0.093" /><testcase classname="tests.test_otp_email_primary.TestOtpSchema422" name="test_missing_mobile_field_returns_422" time="0.081" /><testcase classname="tests.test_otp_email_primary.TestOtpEmailOnly" name="test_email_only_response_shape" time="0.188" /><testcase classname="tests.test_otp_email_primary.TestOtpEmailOnly" name="test_email_only_send_sms_false_explicit" time="0.185" /><testcase classname="tests.test_otp_email_primary.TestOtpNotificationsPersistence" name="test_email_only_persists_email_row_no_sms_row" time="0.890" /><testcase classname="tests.test_otp_email_primary.TestOtpNotificationsPersistence" name="test_send_sms_true_persists_both_rows" time="1.004" /><testcase classname="tests.test_otp_email_primary.TestOtpVerify" name="test_verify_success" time="0.224" /><testcase classname="tests.test_otp_email_primary.TestOtpVerify" name="test_verify_wrong_otp_401" time="0.229" /><testcase classname="tests.test_otp_email_primary.TestTicketCreateRegression" name="test_ticket_create_670100_policy_target_email" time="0.326" /><testcase classname="tests.test_otp_email_primary.TestTicketCreateRegression" name="test_ticket_create_claims_uses_claims_email" time="0.325" /><testcase classname="tests.backend_test" name="test_health" time="0.047" /><testcase classname="tests.backend_test.TestTranslate" name="test_hindi_translation" time="1.383" /><testcase classname="tests.backend_test.TestResolve" name="test_resolve_and_translate" time="2.106" /><testcase classname="tests.backend_test.TestEscalation" name="test_manual_escalate_auth" time="6.674" /><testcase classname="tests.backend_test.TestAnalytics" name="test_summary" time="0.058" /><testcase classname="tests.backend_test.TestCSV" name="test_export" time="0.053" /><testcase classname="tests.backend_test.TestPublicHistory" name="test_no_auth_ok" time="0.051" /><testcase classname="tests.test_otp_email_primary" name="test_health_ok" time="0.129" /><testcase classname="tests.test_otp_email_primary.TestOtpDualOptIn" name="test_send_sms_true_populates_both_channels" time="0.522" /><testcase classname="tests.test_otp_email_primary.TestOfficesMappingRegression" name="test_office_mailbox_addresses" time="0.043" /><testcase classname="tests.test_otp_email_primary.TestEscalateAuthRegression" name="test_escalate_auth_end_to_end" time="5.732" /><testcase classname="tests.backend_test.TestSearchPagination" name="test_search_partial_mobile" time="0.052" /><testcase classname="tests.backend_test.TestSearchPagination" name="test_pagination" time="0.045" /><testcase classname="tests.test_otp_email_primary.TestInboxRegression" name="test_inbox_admin_returns_email_rows" time="0.846" /></testsuite></testsuites>