<?xml version="1.0" encoding="utf-8"?><testsuites name="pytest tests"><testsuite name="pytest" errors="0" failures="1" skipped="0" tests="22" time="42.708" timestamp="2026-07-19T14:22:30.335867+00:00" hostname="agent-env-a7ba1e81-308e-429f-a6bc-1234fca5c186"><testcase classname="tests.test_iteration5_smtp_twilio.TestEmailValidationRegex" name="test_missing_email_422" time="0.214" /><testcase classname="tests.test_iteration5_smtp_twilio.TestSmtpPrimaryDelivery" name="test_email_only_no_sms_block" time="2.309" /><testcase classname="tests.test_iteration5_smtp_twilio.TestEmailValidationRegex" name="test_blank_email_400" time="2.094" /><testcase classname="tests.test_iteration5_smtp_twilio.TestEmailValidationRegex" name="test_whitespace_in_local_part_400" time="0.044" /><testcase classname="tests.test_iteration5_smtp_twilio.TestSmtpPrimaryDelivery" name="test_delivery_to_vishalmed92_gmail" time="2.990" /><testcase classname="tests.test_iteration5_smtp_twilio.TestEmailValidationRegex" name="test_email_without_tld_dot_400" time="2.904" /><testcase classname="tests.test_iteration5_smtp_twilio.TestEmailValidationRegex" name="test_minimal_valid_email_200" time="5.205" /><testcase classname="tests.test_iteration5_smtp_twilio.TestSmtpPrimaryDelivery" name="test_delivery_to_julieanderson123j_gmail" time="5.191" /><testcase classname="tests.test_iteration5_smtp_twilio.TestOfficeLoginAndScope" name="test_admin_login_returns_jwt" time="0.064" /><testcase classname="tests.test_iteration5_smtp_twilio.TestNotificationsPersistence" name="test_email_notif_has_channel_otp_and_provider_id" time="3.837" /><testcase classname="tests.test_iteration5_smtp_twilio.TestOfficeLoginAndScope" name="test_office_670100_login_returns_jwt" time="1.220" /><testcase classname="tests.test_iteration5_smtp_twilio.TestOfficeLoginAndScope" name="test_tickets_scope_isolation" time="5.685"><failure message="assert 422 == 200&#10; +  where 422 = &lt;Response [422]&gt;.status_code">tests/test_iteration5_smtp_twilio.py:277: in test_tickets_scope_isolation
    assert r.status_code == 200
E   assert 422 == 200
E    +  where 422 = &lt;Response [422]&gt;.status_code</failure></testcase><testcase classname="tests.test_iteration5_smtp_twilio.TestNotificationsPersistence" name="test_send_sms_true_persists_sms_row" time="6.878" /><testcase classname="tests.test_iteration5_smtp_twilio" name="test_health" time="0.214" /><testcase classname="tests.test_iteration5_smtp_twilio.TestSmsOptIn" name="test_send_sms_true_returns_SM_sid" time="3.480" /><testcase classname="tests.test_iteration5_smtp_twilio.TestTicketCreateRoutingAndDelivery" name="test_670100_ticket_target_email_and_smtp_delivery" time="7.809" /><testcase classname="tests.test_iteration5_smtp_twilio.TestOtpVerify" name="test_verify_success" time="4.562" /><testcase classname="tests.test_iteration5_smtp_twilio.TestOtpVerify" name="test_verify_wrong_otp_401" time="3.268" /><testcase classname="tests.test_iteration5_smtp_twilio.TestEscalateAuthRegression" name="test_escalate_auth_delivered_true" time="10.470" /><testcase classname="tests.test_iteration5_smtp_twilio.TestAnalyticsShape" name="test_analytics_summary_shape" time="3.280" /><testcase classname="tests.test_iteration5_smtp_twilio.TestCsvExport" name="test_export_csv_content_type" time="0.055" /><testcase classname="tests.test_iteration5_smtp_twilio.TestInboxScope" name="test_inbox_670100_scoped_to_office_mailbox" time="2.734" /></testsuite></testsuites>