<?xml version="1.0" encoding="utf-8"?><testsuites name="pytest tests"><testsuite name="pytest" errors="0" failures="1" skipped="0" tests="26" time="11.439" timestamp="2026-07-19T13:25:52.607437+00:00" hostname="agent-env-a7ba1e81-308e-429f-a6bc-1234fca5c186"><testcase classname="tests.test_otp_email_primary.TestOtpEmailValidation" name="test_blank_email_400" time="0.178" /><testcase classname="tests.test_otp_email_primary.TestOtpMobile400" name="test_invalid_mobile_returns_400[123]" time="0.225" /><testcase classname="tests.test_otp_email_primary.TestOtpEmailValidation" name="test_email_without_at_400" time="0.090" /><testcase classname="tests.test_otp_email_primary.TestOtpMobile400" name="test_invalid_mobile_returns_400[abc123def0]" time="0.100" /><testcase classname="tests.test_otp_email_primary.TestOtpEmailValidation" name="test_email_without_tld_400" time="0.048" /><testcase classname="tests.test_otp_email_primary.TestOtpEmailValidation" name="test_email_with_space_400" time="0.261"><failure message="AssertionError: expected 400 for space-in-email, got 200: {&quot;status&quot;:&quot;sent&quot;,&quot;demo_otp&quot;:&quot;653711&quot;,&quot;email&quot;:{&quot;delivered&quot;:true,&quot;id&quot;:&quot;3e3345be-3de4-4f3d-9741-522988001300&quot;,&quot;error&quot;:null,&quot;attempts&quot;:1},&quot;sms&quot;:null}&#10;assert 200 == 400&#10; +  where 200 = &lt;Response [200]&gt;.status_code">tests/test_otp_email_primary.py:135: in test_email_with_space_400
    assert r.status_code == 400, (
E   AssertionError: expected 400 for space-in-email, got 200: {"status":"sent","demo_otp":"653711","email":{"delivered":true,"id":"3e3345be-3de4-4f3d-9741-522988001300","error":null,"attempts":1},"sms":null}
E   assert 200 == 400
E    +  where 200 = &lt;Response [200]&gt;.status_code</failure></testcase><testcase classname="tests.test_otp_email_primary.TestOtpMobile400" name="test_invalid_mobile_returns_400[12345678901]" time="0.255" /><testcase classname="tests.test_otp_email_primary.TestOtpMobile400" name="test_invalid_mobile_returns_400[98765a3210]" time="0.051" /><testcase classname="tests.test_otp_email_primary.TestOfficeLoginRegression" name="test_admin_login" time="0.093" /><testcase classname="tests.test_otp_email_primary.TestOtpSchema422" name="test_missing_email_field_returns_422" time="0.057" /><testcase classname="tests.test_otp_email_primary.TestOtpSchema422" name="test_missing_mobile_field_returns_422" time="0.051" /><testcase classname="tests.test_otp_email_primary.TestOfficeLoginRegression" name="test_office_login_670100" time="0.046" /><testcase classname="tests.test_otp_email_primary.TestOfficeLoginRegression" name="test_office_login_bad_password_401" time="0.054" /><testcase classname="tests.test_otp_email_primary.TestOtpEmailOnly" name="test_email_only_response_shape" time="0.203" /><testcase classname="tests.test_otp_email_primary.TestOtpNotificationsPersistence" name="test_email_only_persists_email_row_no_sms_row" time="1.207" /><testcase classname="tests.test_otp_email_primary.TestOtpEmailOnly" name="test_email_only_send_sms_false_explicit" time="0.407" /><testcase classname="tests.test_otp_email_primary.TestOtpVerify" name="test_verify_success" time="0.272" /><testcase classname="tests.test_otp_email_primary.TestOtpVerify" name="test_verify_wrong_otp_401" time="0.264" /><testcase classname="tests.test_otp_email_primary" name="test_health_ok" time="0.054" /><testcase classname="tests.test_otp_email_primary.TestOtpDualOptIn" name="test_send_sms_true_populates_both_channels" time="0.946" /><testcase classname="tests.test_otp_email_primary.TestOtpNotificationsPersistence" name="test_send_sms_true_persists_both_rows" time="2.778" /><testcase classname="tests.test_otp_email_primary.TestOfficesMappingRegression" name="test_office_mailbox_addresses" time="0.048" /><testcase classname="tests.test_otp_email_primary.TestEscalateAuthRegression" name="test_escalate_auth_end_to_end" time="7.049" /><testcase classname="tests.test_otp_email_primary.TestTicketCreateRegression" name="test_ticket_create_670100_policy_target_email" time="0.412" /><testcase classname="tests.test_otp_email_primary.TestTicketCreateRegression" name="test_ticket_create_claims_uses_claims_email" time="0.420" /><testcase classname="tests.test_otp_email_primary.TestInboxRegression" name="test_inbox_admin_returns_email_rows" time="0.935" /></testsuite></testsuites>