<?xml version="1.0" encoding="utf-8"?><testsuites name="pytest tests"><testsuite name="pytest" errors="0" failures="0" skipped="0" tests="18" time="13.318" timestamp="2026-07-19T13:17:50.030087+00:00" hostname="agent-env-a7ba1e81-308e-429f-a6bc-1234fca5c186"><testcase classname="tests.test_otp_dualchannel.TestOtpSmsOnly" name="test_no_email_field" time="0.472" /><testcase classname="tests.test_otp_dualchannel.TestOtpMobileValidation" name="test_invalid_mobile_returns_400[123]" time="0.473" /><testcase classname="tests.test_otp_dualchannel.TestOtpSmsOnly" name="test_blank_email_string" time="0.282" /><testcase classname="tests.test_otp_dualchannel.TestOtpMobileValidation" name="test_invalid_mobile_returns_400[abc123def0]" time="0.281" /><testcase classname="tests.test_otp_dualchannel.TestOtpMobileValidation" name="test_invalid_mobile_returns_400[]" time="0.050" /><testcase classname="tests.test_otp_dualchannel.TestOtpSmsOnly" name="test_email_without_at_sign_is_skipped" time="0.276" /><testcase classname="tests.test_otp_dualchannel.TestOtpMobileValidation" name="test_invalid_mobile_returns_400[12345678901]" time="0.224" /><testcase classname="tests.test_otp_dualchannel.TestOtpMobileValidation" name="test_invalid_mobile_returns_400[98765a3210]" time="0.044" /><testcase classname="tests.test_otp_dualchannel.TestOtpDualChannel" name="test_both_channels_delivered" time="0.906" /><testcase classname="tests.test_otp_dualchannel.TestOtpVerify" name="test_verify_success_after_dual_send" time="0.916" /><testcase classname="tests.test_otp_dualchannel.TestOtpDualChannel" name="test_notifications_row_for_both_channels" time="1.407" /><testcase classname="tests.test_otp_dualchannel.TestOtpVerify" name="test_verify_wrong_otp_401" time="0.679" /><testcase classname="tests.test_otp_dualchannel.TestOfficeLoginRegression" name="test_admin_login" time="0.052" /><testcase classname="tests.test_otp_dualchannel.TestOfficeLoginRegression" name="test_670100_login" time="0.064" /><testcase classname="tests.test_otp_dualchannel" name="test_health_still_ok" time="0.051" /><testcase classname="tests.test_otp_dualchannel.TestEscalateAuthRegression" name="test_escalate_auth_returns_delivery_block" time="9.986" /><testcase classname="tests.test_otp_dualchannel.TestOfficesMapping" name="test_office_mailbox_addresses" time="0.051" /><testcase classname="tests.test_otp_dualchannel.TestOfficesMapping" name="test_ticket_target_email_uses_new_mailbox" time="2.996" /></testsuite></testsuites>