<?xml version="1.0" encoding="utf-8"?><testsuites name="pytest tests"><testsuite name="pytest" errors="0" failures="0" skipped="0" tests="54" time="18.494" timestamp="2026-07-19T13:18:07.931715+00:00" hostname="agent-env-a7ba1e81-308e-429f-a6bc-1234fca5c186"><testcase classname="tests.backend_test.TestTicketCreate" name="test_existing_claims" time="0.521" /><testcase classname="tests.backend_test.TestInbox" name="test_inbox_no_auth" time="0.293" /><testcase classname="tests.backend_test.TestInbox" name="test_inbox_670100_scope_and_ticket_join" time="1.395" /><testcase classname="tests.backend_test.TestTicketCreate" name="test_existing_grievance" time="0.414" /><testcase classname="tests.backend_test.TestTicketCreate" name="test_existing_policy" time="0.751" /><testcase classname="tests.backend_test.TestTicketCreate" name="test_new_customer" time="0.407" /><testcase classname="tests.backend_test.TestInbox" name="test_inbox_admin_sees_all" time="0.453" /><testcase classname="tests.backend_test.TestTicketCreate" name="test_ticket_creates_email_and_sms" time="0.478" /><testcase classname="tests.backend_test.TestInbox" name="test_inbox_scope_isolation" time="0.479" /><testcase classname="tests.backend_test.TestTicketCreate" name="test_auto_classify_urgent" time="1.650" /><testcase classname="tests.backend_test.TestInbox" name="test_mark_read" time="0.145" /><testcase classname="tests.backend_test.TestOfficeLogin" name="test_login_670100" time="0.049" /><testcase classname="tests.backend_test.TestOfficeLogin" name="test_login_940000" time="0.047" /><testcase classname="tests.backend_test.TestOfficeLogin" name="test_login_admin" time="0.054" /><testcase classname="tests.backend_test.TestOfficeLogin" name="test_login_bad" time="0.045" /><testcase classname="tests.backend_test.TestOTP" name="test_send_and_verify_ok" time="0.300" /><testcase classname="tests.backend_test.TestOTP" name="test_verify_wrong" time="0.295" /><testcase classname="tests.backend_test.TestOTP" name="test_invalid_mobile" time="0.087" /><testcase classname="tests.backend_test.TestPolicy" name="test_valid" time="0.043" /><testcase classname="tests.backend_test.TestPolicy" name="test_wrong_length" time="0.044" /><testcase classname="tests.backend_test.TestPolicy" name="test_unknown_20d" time="0.049" /><testcase classname="tests.backend_test.TestTicketsAuthScope" name="test_no_auth" time="0.045" /><testcase classname="tests.backend_test.TestTicketsAuthScope" name="test_670100_scope" time="0.393" /><testcase classname="tests.backend_test.TestTicketsAuthScope" name="test_admin_sees_all" time="0.067" /><testcase classname="tests.test_otp_dualchannel.TestOtpMobileValidation" name="test_invalid_mobile_returns_400[123]" time="0.105" /><testcase classname="tests.test_otp_dualchannel.TestOtpSmsOnly" name="test_no_email_field" time="0.307" /><testcase classname="tests.test_otp_dualchannel.TestOtpMobileValidation" name="test_invalid_mobile_returns_400[abc123def0]" time="0.046" /><testcase classname="tests.test_otp_dualchannel.TestOtpMobileValidation" name="test_invalid_mobile_returns_400[]" time="0.210" /><testcase classname="tests.test_otp_dualchannel.TestOtpMobileValidation" name="test_invalid_mobile_returns_400[12345678901]" time="0.045" /><testcase classname="tests.test_otp_dualchannel.TestOtpSmsOnly" name="test_blank_email_string" time="0.312" /><testcase classname="tests.test_otp_dualchannel.TestOtpMobileValidation" name="test_invalid_mobile_returns_400[98765a3210]" time="0.234" /><testcase classname="tests.backend_test.TestEscalation" name="test_auto_escalate_after_aging" time="6.909" /><testcase classname="tests.test_otp_dualchannel.TestOtpSmsOnly" name="test_email_without_at_sign_is_skipped" time="0.653" /><testcase classname="tests.backend_test.TestSearchPagination" name="test_search_partial_mobile" time="0.051" /><testcase classname="tests.backend_test.TestSearchPagination" name="test_pagination" time="0.044" /><testcase classname="tests.test_otp_dualchannel.TestOtpDualChannel" name="test_both_channels_delivered" time="0.454" /><testcase classname="tests.test_otp_dualchannel.TestOtpDualChannel" name="test_notifications_row_for_both_channels" time="0.997" /><testcase classname="tests.test_otp_dualchannel.TestOtpVerify" name="test_verify_success_after_dual_send" time="0.448" /><testcase classname="tests.test_otp_dualchannel.TestOtpVerify" name="test_verify_wrong_otp_401" time="0.310" /><testcase classname="tests.test_otp_dualchannel.TestOfficesMapping" name="test_office_mailbox_addresses" time="0.043" /><testcase classname="tests.test_otp_dualchannel.TestOfficesMapping" name="test_ticket_target_email_uses_new_mailbox" time="0.401" /><testcase classname="tests.test_otp_dualchannel.TestOfficeLoginRegression" name="test_admin_login" time="0.044" /><testcase classname="tests.test_otp_dualchannel.TestOfficeLoginRegression" name="test_670100_login" time="0.044" /><testcase classname="tests.backend_test" name="test_health" time="0.046" /><testcase classname="tests.backend_test.TestTranslate" name="test_hindi_translation" time="1.231" /><testcase classname="tests.backend_test.TestResolve" name="test_resolve_and_translate" time="1.965" /><testcase classname="tests.backend_test.TestAnalytics" name="test_summary" time="0.047" /><testcase classname="tests.backend_test.TestCSV" name="test_export" time="0.057" /><testcase classname="tests.backend_test.TestPublicHistory" name="test_no_auth_ok" time="0.047" /><testcase classname="tests.backend_test.TestEscalation" name="test_manual_escalate_auth" time="5.428" /><testcase classname="tests.test_otp_dualchannel" name="test_health_still_ok" time="0.217" /><testcase classname="tests.test_otp_dualchannel.TestEscalateAuthRegression" name="test_escalate_auth_returns_delivery_block" time="5.970" /><testcase classname="tests.backend_test.TestAudit" name="test_admin_ok" time="0.047" /><testcase classname="tests.backend_test.TestAudit" name="test_office_forbidden" time="0.043" /></testsuite></testsuites>