<?xml version="1.0" encoding="utf-8"?><testsuites name="pytest tests"><testsuite name="pytest" errors="0" failures="0" skipped="0" tests="36" time="7.842" timestamp="2026-07-17T18:58:56.442959+00:00" hostname="agent-env-a7ba1e81-308e-429f-a6bc-1234fca5c186"><testcase classname="tests.backend_test.TestInbox" name="test_inbox_no_auth" time="0.278" /><testcase classname="tests.backend_test.TestTicketCreate" name="test_existing_claims" time="0.248" /><testcase classname="tests.backend_test.TestTicketCreate" name="test_existing_grievance" time="0.071" /><testcase classname="tests.backend_test.TestTicketCreate" name="test_existing_policy" time="0.081" /><testcase classname="tests.backend_test.TestInbox" name="test_inbox_670100_scope_and_ticket_join" time="0.182" /><testcase classname="tests.backend_test.TestTicketCreate" name="test_new_customer" time="0.060" /><testcase classname="tests.backend_test.TestInbox" name="test_inbox_admin_sees_all" time="0.117" /><testcase classname="tests.backend_test.TestTicketCreate" name="test_ticket_creates_email_and_sms" time="0.224" /><testcase classname="tests.backend_test.TestInbox" name="test_inbox_scope_isolation" time="1.596" /><testcase classname="tests.backend_test.TestTicketCreate" name="test_auto_classify_urgent" time="3.209" /><testcase classname="tests.backend_test.TestInbox" name="test_mark_read" time="0.176" /><testcase classname="tests.backend_test.TestOTP" name="test_send_and_verify_ok" time="0.122" /><testcase classname="tests.backend_test.TestOTP" name="test_verify_wrong" time="0.126" /><testcase classname="tests.backend_test.TestOTP" name="test_invalid_mobile" time="0.118" /><testcase classname="tests.backend_test.TestPolicy" name="test_valid" time="0.058" /><testcase classname="tests.backend_test.TestPolicy" name="test_wrong_length" time="0.054" /><testcase classname="tests.backend_test.TestPolicy" name="test_unknown_20d" time="0.053" /><testcase classname="tests.backend_test.TestTicketsAuthScope" name="test_no_auth" time="0.161" /><testcase classname="tests.backend_test.TestTicketsAuthScope" name="test_670100_scope" time="0.058" /><testcase classname="tests.backend_test.TestTicketsAuthScope" name="test_admin_sees_all" time="0.058" /><testcase classname="tests.backend_test.TestEscalation" name="test_auto_escalate_after_aging" time="0.298" /><testcase classname="tests.backend_test.TestEscalation" name="test_manual_escalate_auth" time="0.177" /><testcase classname="tests.backend_test.TestSearchPagination" name="test_search_partial_mobile" time="0.059" /><testcase classname="tests.backend_test.TestSearchPagination" name="test_pagination" time="0.061" /><testcase classname="tests.backend_test.TestAudit" name="test_admin_ok" time="0.056" /><testcase classname="tests.backend_test.TestAudit" name="test_office_forbidden" time="0.099" /><testcase classname="tests.backend_test.TestOfficeLogin" name="test_login_670100" time="0.097" /><testcase classname="tests.backend_test" name="test_health" time="0.063" /><testcase classname="tests.backend_test.TestTranslate" name="test_hindi_translation" time="1.240" /><testcase classname="tests.backend_test.TestOfficeLogin" name="test_login_940000" time="0.071" /><testcase classname="tests.backend_test.TestOfficeLogin" name="test_login_admin" time="0.072" /><testcase classname="tests.backend_test.TestOfficeLogin" name="test_login_bad" time="0.058" /><testcase classname="tests.backend_test.TestCSV" name="test_export" time="0.142" /><testcase classname="tests.backend_test.TestPublicHistory" name="test_no_auth_ok" time="0.062" /><testcase classname="tests.backend_test.TestResolve" name="test_resolve_and_translate" time="1.912" /><testcase classname="tests.backend_test.TestAnalytics" name="test_summary" time="0.062" /></testsuite></testsuites>